Flow report for pwm_led
Thu Jun 27 17:37:44 2024
Quartus Prime Version 23.1std.0 Build 991 11/28/2023 Patches 0.02std SC Lite Edition


---------------------
; Table of Contents ;
---------------------
  1. Legal Notice
  2. Flow Summary
  3. Flow Settings
  4. Flow Non-Default Global Settings
  5. Flow Elapsed Time
  6. Flow OS Summary
  7. Flow Log
  8. Flow Messages
  9. Flow Suppressed Messages



----------------
; Legal Notice ;
----------------
Copyright (C) 2023  Intel Corporation. All rights reserved.
Your use of Intel Corporation's design tools, logic functions 
and other software and tools, and any partner logic 
functions, and any output files from any of the foregoing 
(including device programming or simulation files), and any 
associated documentation or information are expressly subject 
to the terms and conditions of the Intel Program License 
Subscription Agreement, the Intel Quartus Prime License Agreement,
the Intel FPGA IP License Agreement, or other applicable license
agreement, including, without limitation, that your use is for
the sole purpose of programming logic devices manufactured by
Intel and sold by Intel or its authorized distributors.  Please
refer to the applicable agreement for further details, at
https://fpgasoftware.intel.com/eula.



+-----------------------------------------------------------------------------------------------------+
; Flow Summary                                                                                        ;
+------------------------------------+----------------------------------------------------------------+
; Flow Status                        ; Successful - Thu Jun 27 17:37:41 2024                          ;
; Quartus Prime Version              ; 23.1std.0 Build 991 11/28/2023 Patches 0.02std SC Lite Edition ;
; Revision Name                      ; pwm_led                                                        ;
; Top-level Entity Name              ; pwm_led                                                        ;
; Family                             ; Cyclone IV E                                                   ;
; Device                             ; EP4CE6E22C8                                                    ;
; Timing Models                      ; Final                                                          ;
; Total logic elements               ; 40 / 6,272 ( < 1 % )                                           ;
;     Total combinational functions  ; 40 / 6,272 ( < 1 % )                                           ;
;     Dedicated logic registers      ; 27 / 6,272 ( < 1 % )                                           ;
; Total registers                    ; 27                                                             ;
; Total pins                         ; 2 / 92 ( 2 % )                                                 ;
; Total virtual pins                 ; 0                                                              ;
; Total memory bits                  ; 0 / 276,480 ( 0 % )                                            ;
; Embedded Multiplier 9-bit elements ; 0 / 30 ( 0 % )                                                 ;
; Total PLLs                         ; 0 / 2 ( 0 % )                                                  ;
+------------------------------------+----------------------------------------------------------------+


+-----------------------------------------+
; Flow Settings                           ;
+-------------------+---------------------+
; Option            ; Setting             ;
+-------------------+---------------------+
; Start date & time ; 06/27/2024 17:37:22 ;
; Main task         ; Compilation         ;
; Revision Name     ; pwm_led             ;
+-------------------+---------------------+


+------------------------------------------------------------------------------------------------------------------------------------------------+
; Flow Non-Default Global Settings                                                                                                               ;
+-------------------------------------+----------------------------------------+---------------+-------------+-----------------------------------+
; Assignment Name                     ; Value                                  ; Default Value ; Entity Name ; Section Id                        ;
+-------------------------------------+----------------------------------------+---------------+-------------+-----------------------------------+
; COMPILER_SIGNATURE_ID               ; 18431770295221.171953504209648         ; --            ; --          ; --                                ;
; EDA_GENERATE_FUNCTIONAL_NETLIST     ; Off                                    ; --            ; --          ; eda_board_design_timing           ;
; EDA_GENERATE_FUNCTIONAL_NETLIST     ; Off                                    ; --            ; --          ; eda_board_design_boundary_scan    ;
; EDA_GENERATE_FUNCTIONAL_NETLIST     ; Off                                    ; --            ; --          ; eda_board_design_signal_integrity ;
; EDA_GENERATE_FUNCTIONAL_NETLIST     ; Off                                    ; --            ; --          ; eda_board_design_symbol           ;
; MAX_CORE_JUNCTION_TEMP              ; 85                                     ; --            ; --          ; --                                ;
; MIN_CORE_JUNCTION_TEMP              ; 0                                      ; --            ; --          ; --                                ;
; NOMINAL_CORE_SUPPLY_VOLTAGE         ; 1.2V                                   ; --            ; --          ; --                                ;
; PARTITION_COLOR                     ; -- (Not supported for targeted family) ; --            ; --          ; Top                               ;
; PARTITION_FITTER_PRESERVATION_LEVEL ; -- (Not supported for targeted family) ; --            ; --          ; Top                               ;
; PARTITION_NETLIST_TYPE              ; -- (Not supported for targeted family) ; --            ; --          ; Top                               ;
; PROJECT_OUTPUT_DIRECTORY            ; output_files                           ; --            ; --          ; --                                ;
+-------------------------------------+----------------------------------------+---------------+-------------+-----------------------------------+


+--------------------------------------------------------------------------------------------------------------------------+
; Flow Elapsed Time                                                                                                        ;
+----------------------+--------------+-------------------------+---------------------+------------------------------------+
; Module Name          ; Elapsed Time ; Average Processors Used ; Peak Virtual Memory ; Total CPU Time (on all processors) ;
+----------------------+--------------+-------------------------+---------------------+------------------------------------+
; Analysis & Synthesis ; 00:00:13     ; 1.0                     ; 4809 MB             ; 00:00:30                           ;
; Fitter               ; 00:00:04     ; 1.0                     ; 5472 MB             ; 00:00:05                           ;
; Assembler            ; 00:00:01     ; 1.0                     ; 4680 MB             ; 00:00:01                           ;
; Timing Analyzer      ; 00:00:02     ; 1.0                     ; 4753 MB             ; 00:00:02                           ;
; Total                ; 00:00:20     ; --                      ; --                  ; 00:00:38                           ;
+----------------------+--------------+-------------------------+---------------------+------------------------------------+


+------------------------------------------------------------------------------------+
; Flow OS Summary                                                                    ;
+----------------------+------------------+------------+------------+----------------+
; Module Name          ; Machine Hostname ; OS Name    ; OS Version ; Processor type ;
+----------------------+------------------+------------+------------+----------------+
; Analysis & Synthesis ; DESKTOP-LL67UEM  ; Windows 10 ; 10.0       ; x86_64         ;
; Fitter               ; DESKTOP-LL67UEM  ; Windows 10 ; 10.0       ; x86_64         ;
; Assembler            ; DESKTOP-LL67UEM  ; Windows 10 ; 10.0       ; x86_64         ;
; Timing Analyzer      ; DESKTOP-LL67UEM  ; Windows 10 ; 10.0       ; x86_64         ;
+----------------------+------------------+------------+------------+----------------+


------------
; Flow Log ;
------------
quartus_map --read_settings_files=on --write_settings_files=off pwm_led -c pwm_led
quartus_fit --read_settings_files=off --write_settings_files=off pwm_led -c pwm_led
quartus_asm --read_settings_files=off --write_settings_files=off pwm_led -c pwm_led
quartus_sta pwm_led -c pwm_led



